<?xml version="1.0" encoding="UTF-8"?>
<!-- Generated by org.testng.reporters.JUnitReportReporter -->
<testsuite hostname="DESKTOP-2L5L3R1" failures="0" tests="1" name="listenerDemo.MyFirstTestCase" time="7.079" errors="0" timestamp="2021-12-08T12:46:26 IST" skipped="0">
  <testcase classname="listenerDemo.MyFirstTestCase" name="vtigerTitleVerify" time="7.079"/>
  <system-out/>
</testsuite> <!-- listenerDemo.MyFirstTestCase -->
